<?xml version="1.0" encoding="UTF-8"?>
<!-- Generated by org.testng.reporters.JUnitXMLReporter -->
<testsuite ignored="6" hostname="LAPTOP-OQQ855SE" failures="0" tests="2" name="Test" time="25.1" errors="0" timestamp="2025-06-12T10:22:15 IST">
  <testcase classname="com.concast.crm.orgtest.createOrganizationTest" name="createOrg" time="4.707"/>
  <testcase classname="practice.contacttest.CreateContactTest" name="createContactWithOrgTest" time="10.237"/>
  <testcase classname="com.concast.crm.orgtest.createOrganizationTest" name="createOrgWithIndustry" time="0.0">
    <ignored/>
  </testcase> <!-- createOrgWithIndustry -->
  <testcase classname="practice.contacttest.CreateContactTest" name="createContactWithsupportDateTest" time="0.0">
    <ignored/>
  </testcase> <!-- createContactWithsupportDateTest -->
  <testcase classname="com.concast.crm.orgtest.createOrganizationTest" name="createOrgWithPhone" time="0.0">
    <ignored/>
  </testcase> <!-- createOrgWithPhone -->
  <testcase classname="practice.contacttest.CreateContactTest" name="createContactTest" time="0.0">
    <ignored/>
  </testcase> <!-- createContactTest -->
  <testcase classname="com.crm.generic.baseutility.BaseClass" name="@AfterSuite configAS" time="0.0">
    <ignored/>
  </testcase> <!-- @AfterSuite configAS -->
  <testcase classname="com.crm.generic.baseutility.BaseClass" name="@BeforeSuite configBS" time="0.0">
    <ignored/>
  </testcase> <!-- @BeforeSuite configBS -->
</testsuite> <!-- Test -->
